This is pdfTeX, Version 3.14159265-2.6-1.40.18 (TeX Live 2017/Debian) (preloaded format=pdflatex 2020.1.27)  22 APR 2020 22:29
entering extended mode
 restricted \write18 enabled.
 %&-line parsing enabled.
**template.tex
(./template.tex
LaTeX2e <2017-04-15>
Babel <3.18> and hyphenation patterns for 3 language(s) loaded.
(/usr/share/texlive/texmf-dist/tex/latex/amscls/amsart.cls
Document Class: amsart 2017/10/31 v2.20.4
\linespacing=\dimen102
\normalparindent=\dimen103
\normaltopskip=\skip41
(/usr/share/texlive/texmf-dist/tex/latex/amsmath/amsmath.sty
Package: amsmath 2017/09/02 v2.17a AMS math features
\@mathmargin=\skip42

For additional information on amsmath, use the `?' option.
(/usr/share/texlive/texmf-dist/tex/latex/amsmath/amstext.sty
Package: amstext 2000/06/29 v2.01 AMS text

(/usr/share/texlive/texmf-dist/tex/latex/amsmath/amsgen.sty
File: amsgen.sty 1999/11/30 v2.0 generic functions
\@emptytoks=\toks14
\ex@=\dimen104
))
(/usr/share/texlive/texmf-dist/tex/latex/amsmath/amsbsy.sty
Package: amsbsy 1999/11/29 v1.2d Bold Symbols
\pmbraise@=\dimen105
)
(/usr/share/texlive/texmf-dist/tex/latex/amsmath/amsopn.sty
Package: amsopn 2016/03/08 v2.02 operator names
)
\inf@bad=\count79
LaTeX Info: Redefining \frac on input line 213.
\uproot@=\count80
\leftroot@=\count81
LaTeX Info: Redefining \overline on input line 375.
\classnum@=\count82
\DOTSCASE@=\count83
LaTeX Info: Redefining \ldots on input line 472.
LaTeX Info: Redefining \dots on input line 475.
LaTeX Info: Redefining \cdots on input line 596.
\Mathstrutbox@=\box26
\strutbox@=\box27
\big@size=\dimen106
LaTeX Font Info:    Redeclaring font encoding OML on input line 712.
LaTeX Font Info:    Redeclaring font encoding OMS on input line 713.
\macc@depth=\count84
\c@MaxMatrixCols=\count85
\dotsspace@=\muskip10
\c@parentequation=\count86
\dspbrk@lvl=\count87
\tag@help=\toks15
\row@=\count88
\column@=\count89
\maxfields@=\count90
\andhelp@=\toks16
\eqnshift@=\dimen107
\alignsep@=\dimen108
\tagshift@=\dimen109
\tagwidth@=\dimen110
\totwidth@=\dimen111
\lineht@=\dimen112
\@envbody=\toks17
\multlinegap=\skip43
\multlinetaggap=\skip44
\mathdisplay@stack=\toks18
LaTeX Info: Redefining \[ on input line 2817.
LaTeX Info: Redefining \] on input line 2818.
)
LaTeX Font Info:    Try loading font information for U+msa on input line 398.

(/usr/share/texlive/texmf-dist/tex/latex/amsfonts/umsa.fd
File: umsa.fd 2013/01/14 v3.01 AMS symbols A
)
(/usr/share/texlive/texmf-dist/tex/latex/amsfonts/amsfonts.sty
Package: amsfonts 2013/01/14 v3.01 Basic AMSFonts support
\symAMSa=\mathgroup4
\symAMSb=\mathgroup5
LaTeX Font Info:    Overwriting math alphabet `\mathfrak' in version `bold'
(Font)                  U/euf/m/n --> U/euf/b/n on input line 106.
)
\copyins=\insert199
\abstractbox=\box28
\listisep=\skip45
\c@part=\count91
\c@section=\count92
\c@subsection=\count93
\c@subsubsection=\count94
\c@paragraph=\count95
\c@subparagraph=\count96
\c@figure=\count97
\c@table=\count98
\abovecaptionskip=\skip46
\belowcaptionskip=\skip47
\captionindent=\dimen113
\thm@style=\toks19
\thm@bodyfont=\toks20
\thm@headfont=\toks21
\thm@notefont=\toks22
\thm@headpunct=\toks23
\thm@preskip=\skip48
\thm@postskip=\skip49
\thm@headsep=\skip50
\dth@everypar=\toks24
)
(/usr/share/texlive/texmf-dist/tex/latex/geometry/geometry.sty
Package: geometry 2010/09/12 v5.6 Page Geometry

(/usr/share/texlive/texmf-dist/tex/latex/graphics/keyval.sty
Package: keyval 2014/10/28 v1.15 key=value parser (DPC)
\KV@toks@=\toks25
)
(/usr/share/texlive/texmf-dist/tex/generic/oberdiek/ifpdf.sty
Package: ifpdf 2017/03/15 v3.2 Provides the ifpdf switch
)
(/usr/share/texlive/texmf-dist/tex/generic/oberdiek/ifvtex.sty
Package: ifvtex 2016/05/16 v1.6 Detect VTeX and its facilities (HO)
Package ifvtex Info: VTeX not detected.
)
(/usr/share/texlive/texmf-dist/tex/generic/ifxetex/ifxetex.sty
Package: ifxetex 2010/09/12 v0.6 Provides ifxetex conditional
)
\Gm@cnth=\count99
\Gm@cntv=\count100
\c@Gm@tempcnt=\count101
\Gm@bindingoffset=\dimen114
\Gm@wd@mp=\dimen115
\Gm@odd@mp=\dimen116
\Gm@even@mp=\dimen117
\Gm@layoutwidth=\dimen118
\Gm@layoutheight=\dimen119
\Gm@layouthoffset=\dimen120
\Gm@layoutvoffset=\dimen121
\Gm@dimlist=\toks26
)
(/usr/share/texlive/texmf-dist/tex/latex/parskip/parskip.sty
Package: parskip 2001/04/09 non-zero parskip adjustments


LaTeX Warning: Command \@starttoc  has changed.
               Check if current package is valid.

) (/usr/share/texlive/texmf-dist/tex/latex/graphics/graphicx.sty
Package: graphicx 2017/06/01 v1.1a Enhanced LaTeX Graphics (DPC,SPQR)

(/usr/share/texlive/texmf-dist/tex/latex/graphics/graphics.sty
Package: graphics 2017/06/25 v1.2c Standard LaTeX Graphics (DPC,SPQR)

(/usr/share/texlive/texmf-dist/tex/latex/graphics/trig.sty
Package: trig 2016/01/03 v1.10 sin cos tan (DPC)
)
(/usr/share/texlive/texmf-dist/tex/latex/graphics-cfg/graphics.cfg
File: graphics.cfg 2016/06/04 v1.11 sample graphics configuration
)
Package graphics Info: Driver file: pdftex.def on input line 99.

(/usr/share/texlive/texmf-dist/tex/latex/graphics-def/pdftex.def
File: pdftex.def 2018/01/08 v1.0l Graphics/color driver for pdftex
))
\Gin@req@height=\dimen122
\Gin@req@width=\dimen123
)
(/usr/share/texlive/texmf-dist/tex/latex/amsfonts/amssymb.sty
Package: amssymb 2013/01/14 v3.01 AMS font symbols
)
(/usr/share/texlive/texmf-dist/tex/latex/float/float.sty
Package: float 2001/11/08 v1.3d Float enhancements (AL)
\c@float@type=\count102
\float@exts=\toks27
\float@box=\box29
\@float@everytoks=\toks28
\@floatcapt=\box30
)
(/usr/share/texlive/texmf-dist/tex/latex/oberdiek/epstopdf.sty
Package: epstopdf 2016/05/15 v2.6 Conversion with epstopdf on the fly (HO)

(/usr/share/texlive/texmf-dist/tex/latex/oberdiek/epstopdf-base.sty
Package: epstopdf-base 2016/05/15 v2.6 Base part for package epstopdf

(/usr/share/texlive/texmf-dist/tex/generic/oberdiek/infwarerr.sty
Package: infwarerr 2016/05/16 v1.4 Providing info/warning/error messages (HO)
)
(/usr/share/texlive/texmf-dist/tex/latex/oberdiek/grfext.sty
Package: grfext 2016/05/16 v1.2 Manage graphics extensions (HO)

(/usr/share/texlive/texmf-dist/tex/generic/oberdiek/kvdefinekeys.sty
Package: kvdefinekeys 2016/05/16 v1.4 Define keys (HO)

(/usr/share/texlive/texmf-dist/tex/generic/oberdiek/ltxcmds.sty
Package: ltxcmds 2016/05/16 v1.23 LaTeX kernel commands for general use (HO)
)))
(/usr/share/texlive/texmf-dist/tex/latex/oberdiek/kvoptions.sty
Package: kvoptions 2016/05/16 v3.12 Key value format for package options (HO)

(/usr/share/texlive/texmf-dist/tex/generic/oberdiek/kvsetkeys.sty
Package: kvsetkeys 2016/05/16 v1.17 Key value parser (HO)

(/usr/share/texlive/texmf-dist/tex/generic/oberdiek/etexcmds.sty
Package: etexcmds 2016/05/16 v1.6 Avoid name clashes with e-TeX commands (HO)

(/usr/share/texlive/texmf-dist/tex/generic/oberdiek/ifluatex.sty
Package: ifluatex 2016/05/16 v1.4 Provides the ifluatex switch (HO)
Package ifluatex Info: LuaTeX not detected.
)
Package etexcmds Info: Could not find \expanded.
(etexcmds)             That can mean that you are not using pdfTeX 1.50 or
(etexcmds)             that some package has redefined \expanded.
(etexcmds)             In the latter case, load this package earlier.
)))
(/usr/share/texlive/texmf-dist/tex/generic/oberdiek/pdftexcmds.sty
Package: pdftexcmds 2018/01/21 v0.26 Utility functions of pdfTeX for LuaTeX (HO
)
Package pdftexcmds Info: LuaTeX not detected.
Package pdftexcmds Info: \pdf@primitive is available.
Package pdftexcmds Info: \pdf@ifprimitive is available.
Package pdftexcmds Info: \pdfdraftmode found.
)
Package epstopdf-base Info: Redefining graphics rule for `.eps' on input line 4
38.
Package grfext Info: Graphics extension search list:
(grfext)             [.pdf,.png,.jpg,.mps,.jpeg,.jbig2,.jb2,.PDF,.PNG,.JPG,.JPE
G,.JBIG2,.JB2,.eps]
(grfext)             \AppendGraphicsExtensions on input line 456.

(/usr/share/texlive/texmf-dist/tex/latex/latexconfig/epstopdf-sys.cfg
File: epstopdf-sys.cfg 2010/07/13 v1.3 Configuration of (r)epstopdf for TeX Liv
e
)))
(/usr/share/texlive/texmf-dist/tex/latex/moreverb/moreverb.sty
Package: moreverb 2008/06/03 v2.3a `more' verbatim facilities

(/usr/share/texlive/texmf-dist/tex/latex/tools/verbatim.sty
Package: verbatim 2014/10/28 v1.5q LaTeX2e package for verbatim enhancements
\every@verbatim=\toks29
\verbatim@line=\toks30
\verbatim@in@stream=\read1
)
\tab@position=\count103
\tab@size=\count104
\listing@line=\count105
)
(/usr/share/texlive/texmf-dist/tex/latex/tools/multicol.sty
Package: multicol 2017/04/11 v1.8q multicolumn formatting (FMi)
\c@tracingmulticols=\count106
\mult@box=\box31
\multicol@leftmargin=\dimen124
\c@unbalance=\count107
\c@collectmore=\count108
\doublecol@number=\count109
\multicoltolerance=\count110
\multicolpretolerance=\count111
\full@width=\dimen125
\page@free=\dimen126
\premulticols=\dimen127
\postmulticols=\dimen128
\multicolsep=\skip51
\multicolbaselineskip=\skip52
\partial@page=\box32
\last@line=\box33
\maxbalancingoverflow=\dimen129
\mult@rightbox=\box34
\mult@grightbox=\box35
\mult@gfirstbox=\box36
\mult@firstbox=\box37
\@tempa=\box38
\@tempa=\box39
\@tempa=\box40
\@tempa=\box41
\@tempa=\box42
\@tempa=\box43
\@tempa=\box44
\@tempa=\box45
\@tempa=\box46
\@tempa=\box47
\@tempa=\box48
\@tempa=\box49
\@tempa=\box50
\@tempa=\box51
\@tempa=\box52
\@tempa=\box53
\@tempa=\box54
\c@columnbadness=\count112
\c@finalcolumnbadness=\count113
\last@try=\dimen130
\multicolovershoot=\dimen131
\multicolundershoot=\dimen132
\mult@nat@firstbox=\box55
\colbreak@box=\box56
\mc@col@check@num=\count114
)
(/usr/share/texlive/texmf-dist/tex/latex/multirow/multirow.sty
Package: multirow 2016/11/25 v2.2 Span multiple rows of a table
\multirow@colwidth=\skip53
\multirow@cntb=\count115
\multirow@dima=\skip54
\bigstrutjot=\dimen133
)
(/usr/share/texlive/texmf-dist/tex/latex/comment/comment.sty
\CommentStream=\write3

Excluding comment 'comment')
(/usr/share/texlive/texmf-dist/tex/latex/wrapfig/wrapfig.sty
\wrapoverhang=\dimen134
\WF@size=\dimen135
\c@WF@wrappedlines=\count116
\WF@box=\box57
\WF@everypar=\toks31
Package: wrapfig 2003/01/31  v 3.6
)
(/usr/share/texlive/texmf-dist/tex/latex/tikzsymbols/tikzsymbols.sty
(/usr/share/texlive/texmf-dist/tex/latex/l3packages/xparse/xparse.sty
(/usr/share/texlive/texmf-dist/tex/latex/l3kernel/expl3.sty
Package: expl3 2018/02/21 L3 programming layer (loader) 

(/usr/share/texlive/texmf-dist/tex/latex/l3kernel/expl3-code.tex
Package: expl3 2018/02/21 L3 programming layer (code)
\c_max_int=\count117
\l_tmpa_int=\count118
\l_tmpb_int=\count119
\g_tmpa_int=\count120
\g_tmpb_int=\count121
\g__intarray_font_int=\count122
\g__prg_map_int=\count123
\c_log_iow=\count124
\l_iow_line_count_int=\count125
\l__iow_line_target_int=\count126
\l__iow_one_indent_int=\count127
\l__iow_indent_int=\count128
\c_zero_dim=\dimen136
\c_max_dim=\dimen137
\l_tmpa_dim=\dimen138
\l_tmpb_dim=\dimen139
\g_tmpa_dim=\dimen140
\g_tmpb_dim=\dimen141
\c_zero_skip=\skip55
\c_max_skip=\skip56
\l_tmpa_skip=\skip57
\l_tmpb_skip=\skip58
\g_tmpa_skip=\skip59
\g_tmpb_skip=\skip60
\c_zero_muskip=\muskip11
\c_max_muskip=\muskip12
\l_tmpa_muskip=\muskip13
\l_tmpb_muskip=\muskip14
\g_tmpa_muskip=\muskip15
\g_tmpb_muskip=\muskip16
\l_keys_choice_int=\count129
\c__fp_leading_shift_int=\count130
\c__fp_middle_shift_int=\count131
\c__fp_trailing_shift_int=\count132
\c__fp_big_leading_shift_int=\count133
\c__fp_big_middle_shift_int=\count134
\c__fp_big_trailing_shift_int=\count135
\c__fp_Bigg_leading_shift_int=\count136
\c__fp_Bigg_middle_shift_int=\count137
\c__fp_Bigg_trailing_shift_int=\count138
\c__fp_rand_size_int=\count139
\c__fp_rand_four_int=\count140
\c__fp_rand_eight_int=\count141
\l__sort_length_int=\count142
\l__sort_min_int=\count143
\l__sort_top_int=\count144
\l__sort_max_int=\count145
\l__sort_true_max_int=\count146
\l__sort_block_int=\count147
\l__sort_begin_int=\count148
\l__sort_end_int=\count149
\l__sort_A_int=\count150
\l__sort_B_int=\count151
\l__sort_C_int=\count152
\l__tl_build_start_index_int=\count153
\l__tl_build_index_int=\count154
\l__tl_analysis_normal_int=\count155
\l__tl_analysis_index_int=\count156
\l__tl_analysis_nesting_int=\count157
\l__tl_analysis_type_int=\count158
\l__regex_internal_a_int=\count159
\l__regex_internal_b_int=\count160
\l__regex_internal_c_int=\count161
\l__regex_balance_int=\count162
\l__regex_group_level_int=\count163
\l__regex_mode_int=\count164
\c__regex_cs_in_class_mode_int=\count165
\c__regex_cs_mode_int=\count166
\l__regex_catcodes_int=\count167
\l__regex_default_catcodes_int=\count168
\c__regex_catcode_D_int=\count169
\c__regex_catcode_S_int=\count170
\c__regex_catcode_L_int=\count171
\c__regex_catcode_O_int=\count172
\c__regex_catcode_A_int=\count173
\c__regex_all_catcodes_int=\count174
\l__regex_show_lines_int=\count175
\l__regex_min_state_int=\count176
\l__regex_max_state_int=\count177
\l__regex_left_state_int=\count178
\l__regex_right_state_int=\count179
\l__regex_capturing_group_int=\count180
\l__regex_min_pos_int=\count181
\l__regex_max_pos_int=\count182
\l__regex_curr_pos_int=\count183
\l__regex_start_pos_int=\count184
\l__regex_success_pos_int=\count185
\l__regex_curr_char_int=\count186
\l__regex_curr_catcode_int=\count187
\l__regex_last_char_int=\count188
\l__regex_case_changed_char_int=\count189
\l__regex_curr_state_int=\count190
\l__regex_step_int=\count191
\l__regex_min_active_int=\count192
\l__regex_max_active_int=\count193
\l__regex_replacement_csnames_int=\count194
\l__regex_match_count_int=\count195
\l__regex_min_submatch_int=\count196
\l__regex_submatch_int=\count197
\l__regex_zeroth_submatch_int=\count198
\g__regex_trace_regex_int=\count266
\c_empty_box=\box58
\l_tmpa_box=\box59
\l_tmpb_box=\box60
\g_tmpa_box=\box61
\g_tmpb_box=\box62
\l__box_top_dim=\dimen142
\l__box_bottom_dim=\dimen143
\l__box_left_dim=\dimen144
\l__box_right_dim=\dimen145
\l__box_top_new_dim=\dimen146
\l__box_bottom_new_dim=\dimen147
\l__box_left_new_dim=\dimen148
\l__box_right_new_dim=\dimen149
\l__box_internal_box=\box63
\l__coffin_internal_box=\box64
\l__coffin_internal_dim=\dimen150
\l__coffin_offset_x_dim=\dimen151
\l__coffin_offset_y_dim=\dimen152
\l__coffin_x_dim=\dimen153
\l__coffin_y_dim=\dimen154
\l__coffin_x_prime_dim=\dimen155
\l__coffin_y_prime_dim=\dimen156
\c_empty_coffin=\box65
\l__coffin_aligned_coffin=\box66
\l__coffin_aligned_internal_coffin=\box67
\l_tmpa_coffin=\box68
\l_tmpb_coffin=\box69
\l__coffin_display_coffin=\box70
\l__coffin_display_coord_coffin=\box71
\l__coffin_display_pole_coffin=\box72
\l__coffin_display_offset_dim=\dimen157
\l__coffin_display_x_dim=\dimen158
\l__coffin_display_y_dim=\dimen159
\l__coffin_bounding_shift_dim=\dimen160
\l__coffin_left_corner_dim=\dimen161
\l__coffin_right_corner_dim=\dimen162
\l__coffin_bottom_corner_dim=\dimen163
\l__coffin_top_corner_dim=\dimen164
\l__coffin_scaled_total_height_dim=\dimen165
\l__coffin_scaled_width_dim=\dimen166
)
(/usr/share/texlive/texmf-dist/tex/latex/l3kernel/l3pdfmode.def
File: l3pdfmode.def 2017/03/18 v L3 Experimental driver: PDF mode
\l__driver_color_stack_int=\count267
\l__driver_tmp_box=\box73
))
Package: xparse 2018/02/21 L3 Experimental document command parser
\l__xparse_current_arg_int=\count268
\g__xparse_grabber_int=\count269
\l__xparse_m_args_int=\count270
\l__xparse_mandatory_args_int=\count271
\l__xparse_v_nesting_int=\count272
)
Package: tikzsymbols 2017/09/05 v4.07 Some symbols created using tikz and LaTeX
3.

(/usr/share/texlive/texmf-dist/tex/latex/pgf/frontendlayer/tikz.sty
(/usr/share/texlive/texmf-dist/tex/latex/pgf/basiclayer/pgf.sty
(/usr/share/texlive/texmf-dist/tex/latex/pgf/utilities/pgfrcs.sty
(/usr/share/texlive/texmf-dist/tex/generic/pgf/utilities/pgfutil-common.tex
\pgfutil@everybye=\toks32
\pgfutil@tempdima=\dimen167
\pgfutil@tempdimb=\dimen168

(/usr/share/texlive/texmf-dist/tex/generic/pgf/utilities/pgfutil-common-lists.t
ex)) (/usr/share/texlive/texmf-dist/tex/generic/pgf/utilities/pgfutil-latex.def
\pgfutil@abb=\box74
(/usr/share/texlive/texmf-dist/tex/latex/ms/everyshi.sty
Package: everyshi 2001/05/15 v3.00 EveryShipout Package (MS)
))
(/usr/share/texlive/texmf-dist/tex/generic/pgf/utilities/pgfrcs.code.tex
Package: pgfrcs 2015/08/07 v3.0.1a (rcs-revision 1.31)
))
Package: pgf 2015/08/07 v3.0.1a (rcs-revision 1.15)

(/usr/share/texlive/texmf-dist/tex/latex/pgf/basiclayer/pgfcore.sty
(/usr/share/texlive/texmf-dist/tex/latex/pgf/systemlayer/pgfsys.sty
(/usr/share/texlive/texmf-dist/tex/generic/pgf/systemlayer/pgfsys.code.tex
Package: pgfsys 2014/07/09 v3.0.1a (rcs-revision 1.48)

(/usr/share/texlive/texmf-dist/tex/generic/pgf/utilities/pgfkeys.code.tex
\pgfkeys@pathtoks=\toks33
\pgfkeys@temptoks=\toks34

(/usr/share/texlive/texmf-dist/tex/generic/pgf/utilities/pgfkeysfiltered.code.t
ex
\pgfkeys@tmptoks=\toks35
))
\pgf@x=\dimen169
\pgf@y=\dimen170
\pgf@xa=\dimen171
\pgf@ya=\dimen172
\pgf@xb=\dimen173
\pgf@yb=\dimen174
\pgf@xc=\dimen175
\pgf@yc=\dimen176
\w@pgf@writea=\write4
\r@pgf@reada=\read2
\c@pgf@counta=\count273
\c@pgf@countb=\count274
\c@pgf@countc=\count275
\c@pgf@countd=\count276
\t@pgf@toka=\toks36
\t@pgf@tokb=\toks37
\t@pgf@tokc=\toks38
 (/usr/share/texlive/texmf-dist/tex/generic/pgf/systemlayer/pgf.cfg
File: pgf.cfg 2008/05/14  (rcs-revision 1.7)
)
Driver file for pgf: pgfsys-pdftex.def

(/usr/share/texlive/texmf-dist/tex/generic/pgf/systemlayer/pgfsys-pdftex.def
File: pgfsys-pdftex.def 2014/10/11  (rcs-revision 1.35)

(/usr/share/texlive/texmf-dist/tex/generic/pgf/systemlayer/pgfsys-common-pdf.de
f
File: pgfsys-common-pdf.def 2013/10/10  (rcs-revision 1.13)
)))
(/usr/share/texlive/texmf-dist/tex/generic/pgf/systemlayer/pgfsyssoftpath.code.
tex
File: pgfsyssoftpath.code.tex 2013/09/09  (rcs-revision 1.9)
\pgfsyssoftpath@smallbuffer@items=\count277
\pgfsyssoftpath@bigbuffer@items=\count278
)
(/usr/share/texlive/texmf-dist/tex/generic/pgf/systemlayer/pgfsysprotocol.code.
tex
File: pgfsysprotocol.code.tex 2006/10/16  (rcs-revision 1.4)
)) (/usr/share/texlive/texmf-dist/tex/latex/xcolor/xcolor.sty
Package: xcolor 2016/05/11 v2.12 LaTeX color extensions (UK)

(/usr/share/texlive/texmf-dist/tex/latex/graphics-cfg/color.cfg
File: color.cfg 2016/01/02 v1.6 sample color configuration
)
Package xcolor Info: Driver file: pdftex.def on input line 225.
Package xcolor Info: Model `cmy' substituted by `cmy0' on input line 1348.
Package xcolor Info: Model `hsb' substituted by `rgb' on input line 1352.
Package xcolor Info: Model `RGB' extended on input line 1364.
Package xcolor Info: Model `HTML' substituted by `rgb' on input line 1366.
Package xcolor Info: Model `Hsb' substituted by `hsb' on input line 1367.
Package xcolor Info: Model `tHsb' substituted by `hsb' on input line 1368.
Package xcolor Info: Model `HSB' substituted by `hsb' on input line 1369.
Package xcolor Info: Model `Gray' substituted by `gray' on input line 1370.
Package xcolor Info: Model `wave' substituted by `hsb' on input line 1371.
)
(/usr/share/texlive/texmf-dist/tex/generic/pgf/basiclayer/pgfcore.code.tex
Package: pgfcore 2010/04/11 v3.0.1a (rcs-revision 1.7)

(/usr/share/texlive/texmf-dist/tex/generic/pgf/math/pgfmath.code.tex
(/usr/share/texlive/texmf-dist/tex/generic/pgf/math/pgfmathcalc.code.tex
(/usr/share/texlive/texmf-dist/tex/generic/pgf/math/pgfmathutil.code.tex)
(/usr/share/texlive/texmf-dist/tex/generic/pgf/math/pgfmathparser.code.tex
\pgfmath@dimen=\dimen177
\pgfmath@count=\count279
\pgfmath@box=\box75
\pgfmath@toks=\toks39
\pgfmath@stack@operand=\toks40
\pgfmath@stack@operation=\toks41
)
(/usr/share/texlive/texmf-dist/tex/generic/pgf/math/pgfmathfunctions.code.tex
(/usr/share/texlive/texmf-dist/tex/generic/pgf/math/pgfmathfunctions.basic.code
.tex)
(/usr/share/texlive/texmf-dist/tex/generic/pgf/math/pgfmathfunctions.trigonomet
ric.code.tex)
(/usr/share/texlive/texmf-dist/tex/generic/pgf/math/pgfmathfunctions.random.cod
e.tex)
(/usr/share/texlive/texmf-dist/tex/generic/pgf/math/pgfmathfunctions.comparison
.code.tex)
(/usr/share/texlive/texmf-dist/tex/generic/pgf/math/pgfmathfunctions.base.code.
tex)
(/usr/share/texlive/texmf-dist/tex/generic/pgf/math/pgfmathfunctions.round.code
.tex)
(/usr/share/texlive/texmf-dist/tex/generic/pgf/math/pgfmathfunctions.misc.code.
tex)
(/usr/share/texlive/texmf-dist/tex/generic/pgf/math/pgfmathfunctions.integerari
thmetics.code.tex)))
(/usr/share/texlive/texmf-dist/tex/generic/pgf/math/pgfmathfloat.code.tex
\c@pgfmathroundto@lastzeros=\count280
))
(/usr/share/texlive/texmf-dist/tex/generic/pgf/basiclayer/pgfcorepoints.code.te
x
File: pgfcorepoints.code.tex 2013/10/07  (rcs-revision 1.27)
\pgf@picminx=\dimen178
\pgf@picmaxx=\dimen179
\pgf@picminy=\dimen180
\pgf@picmaxy=\dimen181
\pgf@pathminx=\dimen182
\pgf@pathmaxx=\dimen183
\pgf@pathminy=\dimen184
\pgf@pathmaxy=\dimen185
\pgf@xx=\dimen186
\pgf@xy=\dimen187
\pgf@yx=\dimen188
\pgf@yy=\dimen189
\pgf@zx=\dimen190
\pgf@zy=\dimen191
)
(/usr/share/texlive/texmf-dist/tex/generic/pgf/basiclayer/pgfcorepathconstruct.
code.tex
File: pgfcorepathconstruct.code.tex 2013/10/07  (rcs-revision 1.29)
\pgf@path@lastx=\dimen192
\pgf@path@lasty=\dimen193
)
(/usr/share/texlive/texmf-dist/tex/generic/pgf/basiclayer/pgfcorepathusage.code
.tex
File: pgfcorepathusage.code.tex 2014/11/02  (rcs-revision 1.24)
\pgf@shorten@end@additional=\dimen194
\pgf@shorten@start@additional=\dimen195
)
(/usr/share/texlive/texmf-dist/tex/generic/pgf/basiclayer/pgfcorescopes.code.te
x
File: pgfcorescopes.code.tex 2015/05/08  (rcs-revision 1.46)
\pgfpic=\box76
\pgf@hbox=\box77
\pgf@layerbox@main=\box78
\pgf@picture@serial@count=\count281
)
(/usr/share/texlive/texmf-dist/tex/generic/pgf/basiclayer/pgfcoregraphicstate.c
ode.tex
File: pgfcoregraphicstate.code.tex 2014/11/02  (rcs-revision 1.12)
\pgflinewidth=\dimen196
)
(/usr/share/texlive/texmf-dist/tex/generic/pgf/basiclayer/pgfcoretransformation
s.code.tex
File: pgfcoretransformations.code.tex 2015/08/07  (rcs-revision 1.20)
\pgf@pt@x=\dimen197
\pgf@pt@y=\dimen198
\pgf@pt@temp=\dimen256
)
(/usr/share/texlive/texmf-dist/tex/generic/pgf/basiclayer/pgfcorequick.code.tex
File: pgfcorequick.code.tex 2008/10/09  (rcs-revision 1.3)
)
(/usr/share/texlive/texmf-dist/tex/generic/pgf/basiclayer/pgfcoreobjects.code.t
ex
File: pgfcoreobjects.code.tex 2006/10/11  (rcs-revision 1.2)
)
(/usr/share/texlive/texmf-dist/tex/generic/pgf/basiclayer/pgfcorepathprocessing
.code.tex
File: pgfcorepathprocessing.code.tex 2013/09/09  (rcs-revision 1.9)
)
(/usr/share/texlive/texmf-dist/tex/generic/pgf/basiclayer/pgfcorearrows.code.te
x
File: pgfcorearrows.code.tex 2015/05/14  (rcs-revision 1.43)
\pgfarrowsep=\dimen257
)
(/usr/share/texlive/texmf-dist/tex/generic/pgf/basiclayer/pgfcoreshade.code.tex
File: pgfcoreshade.code.tex 2013/07/15  (rcs-revision 1.15)
\pgf@max=\dimen258
\pgf@sys@shading@range@num=\count282
)
(/usr/share/texlive/texmf-dist/tex/generic/pgf/basiclayer/pgfcoreimage.code.tex
File: pgfcoreimage.code.tex 2013/07/15  (rcs-revision 1.18)

(/usr/share/texlive/texmf-dist/tex/generic/pgf/basiclayer/pgfcoreexternal.code.
tex
File: pgfcoreexternal.code.tex 2014/07/09  (rcs-revision 1.21)
\pgfexternal@startupbox=\box79
))
(/usr/share/texlive/texmf-dist/tex/generic/pgf/basiclayer/pgfcorelayers.code.te
x
File: pgfcorelayers.code.tex 2013/07/18  (rcs-revision 1.7)
)
(/usr/share/texlive/texmf-dist/tex/generic/pgf/basiclayer/pgfcoretransparency.c
ode.tex
File: pgfcoretransparency.code.tex 2013/09/30  (rcs-revision 1.5)
)
(/usr/share/texlive/texmf-dist/tex/generic/pgf/basiclayer/pgfcorepatterns.code.
tex
File: pgfcorepatterns.code.tex 2013/11/07  (rcs-revision 1.5)
)))
(/usr/share/texlive/texmf-dist/tex/generic/pgf/modules/pgfmoduleshapes.code.tex
File: pgfmoduleshapes.code.tex 2014/03/21  (rcs-revision 1.35)
\pgfnodeparttextbox=\box80
) (/usr/share/texlive/texmf-dist/tex/generic/pgf/modules/pgfmoduleplot.code.tex
File: pgfmoduleplot.code.tex 2015/08/03  (rcs-revision 1.13)
)
(/usr/share/texlive/texmf-dist/tex/latex/pgf/compatibility/pgfcomp-version-0-65
.sty
Package: pgfcomp-version-0-65 2007/07/03 v3.0.1a (rcs-revision 1.7)
\pgf@nodesepstart=\dimen259
\pgf@nodesepend=\dimen260
)
(/usr/share/texlive/texmf-dist/tex/latex/pgf/compatibility/pgfcomp-version-1-18
.sty
Package: pgfcomp-version-1-18 2007/07/23 v3.0.1a (rcs-revision 1.1)
)) (/usr/share/texlive/texmf-dist/tex/latex/pgf/utilities/pgffor.sty
(/usr/share/texlive/texmf-dist/tex/latex/pgf/utilities/pgfkeys.sty
(/usr/share/texlive/texmf-dist/tex/generic/pgf/utilities/pgfkeys.code.tex))
(/usr/share/texlive/texmf-dist/tex/latex/pgf/math/pgfmath.sty
(/usr/share/texlive/texmf-dist/tex/generic/pgf/math/pgfmath.code.tex))
(/usr/share/texlive/texmf-dist/tex/generic/pgf/utilities/pgffor.code.tex
Package: pgffor 2013/12/13 v3.0.1a (rcs-revision 1.25)

(/usr/share/texlive/texmf-dist/tex/generic/pgf/math/pgfmath.code.tex)
\pgffor@iter=\dimen261
\pgffor@skip=\dimen262
\pgffor@stack=\toks42
\pgffor@toks=\toks43
))
(/usr/share/texlive/texmf-dist/tex/generic/pgf/frontendlayer/tikz/tikz.code.tex
Package: tikz 2015/08/07 v3.0.1a (rcs-revision 1.151)

(/usr/share/texlive/texmf-dist/tex/generic/pgf/libraries/pgflibraryplothandlers
.code.tex
File: pgflibraryplothandlers.code.tex 2013/08/31 v3.0.1a (rcs-revision 1.20)
\pgf@plot@mark@count=\count283
\pgfplotmarksize=\dimen263
)
\tikz@lastx=\dimen264
\tikz@lasty=\dimen265
\tikz@lastxsaved=\dimen266
\tikz@lastysaved=\dimen267
\tikzleveldistance=\dimen268
\tikzsiblingdistance=\dimen269
\tikz@figbox=\box81
\tikz@figbox@bg=\box82
\tikz@tempbox=\box83
\tikz@tempbox@bg=\box84
\tikztreelevel=\count284
\tikznumberofchildren=\count285
\tikznumberofcurrentchild=\count286
\tikz@fig@count=\count287

(/usr/share/texlive/texmf-dist/tex/generic/pgf/modules/pgfmodulematrix.code.tex
File: pgfmodulematrix.code.tex 2013/09/17  (rcs-revision 1.8)
\pgfmatrixcurrentrow=\count288
\pgfmatrixcurrentcolumn=\count289
\pgf@matrix@numberofcolumns=\count290
)
\tikz@expandcount=\count291

(/usr/share/texlive/texmf-dist/tex/generic/pgf/frontendlayer/tikz/libraries/tik
zlibrarytopaths.code.tex
File: tikzlibrarytopaths.code.tex 2008/06/17 v3.0.1a (rcs-revision 1.2)
)))
(/usr/share/texlive/texmf-dist/tex/latex/tools/xspace.sty
Package: xspace 2014/10/28 v1.13 Space after command names (DPC,MH)
)
(/usr/share/texlive/texmf-dist/tex/latex/l3packages/l3keys2e/l3keys2e.sty
Package: l3keys2e 2018/02/21 LaTeX2e option processing using LaTeX3 keys
)
(/usr/share/texlive/texmf-dist/tex/generic/pgf/frontendlayer/tikz/libraries/tik
zlibraryarrows.code.tex
File: tikzlibraryarrows.code.tex 2008/01/09 v3.0.1a (rcs-revision 1.1)

(/usr/share/texlive/texmf-dist/tex/generic/pgf/libraries/pgflibraryarrows.code.
tex
File: pgflibraryarrows.code.tex 2013/09/23 v3.0.1a (rcs-revision 1.16)
\arrowsize=\dimen270
))
(/usr/share/texlive/texmf-dist/tex/generic/pgf/frontendlayer/tikz/libraries/tik
zlibrarydecorations.pathmorphing.code.tex
(/usr/share/texlive/texmf-dist/tex/generic/pgf/frontendlayer/tikz/libraries/tik
zlibrarydecorations.code.tex
(/usr/share/texlive/texmf-dist/tex/generic/pgf/modules/pgfmoduledecorations.cod
e.tex
\pgfdecoratedcompleteddistance=\dimen271
\pgfdecoratedremainingdistance=\dimen272
\pgfdecoratedinputsegmentcompleteddistance=\dimen273
\pgfdecoratedinputsegmentremainingdistance=\dimen274
\pgf@decorate@distancetomove=\dimen275
\pgf@decorate@repeatstate=\count292
\pgfdecorationsegmentamplitude=\dimen276
\pgfdecorationsegmentlength=\dimen277
)
\tikz@lib@dec@box=\box85
)
(/usr/share/texlive/texmf-dist/tex/generic/pgf/libraries/decorations/pgflibrary
decorations.pathmorphing.code.tex))
(/usr/share/texlive/texmf-dist/tex/generic/pgf/frontendlayer/tikz/libraries/tik
zlibrarytrees.code.tex
File: tikzlibrarytrees.code.tex 2008/02/24 v3.0.1a (rcs-revision 1.2)
)
\l__tikzsymbols_Moai_thickness_dim=\dimen278
.................................................
. LaTeX info: "xparse/define-command"
. 
. Defining command \Kochtopf with sig. '>{\__tikzsymbols_scale_if_empty:nTn
. {Kochtopf}{1}}O{1}' on line 557.
.................................................
.................................................
. LaTeX info: "xparse/define-command"
. 
. Defining command \Bratpfanne with sig. '>{\__tikzsymbols_scale_if_empty:nTn
. {Bratpfanne}{1}}O{1}' on line 590.
.................................................
.................................................
. LaTeX info: "xparse/define-command"
. 
. Defining command \Schneebesen with sig. '>{\__tikzsymbols_scale_if_empty:nTn
. {Schneebesen}{1}}O{1}' on line 619.
.................................................
.................................................
. LaTeX info: "xparse/define-command"
. 
. Defining command \Sieb with sig. '>{\__tikzsymbols_scale_if_empty:nTn
. {Sieb}{1}}O{1}' on line 648.
.................................................
.................................................
. LaTeX info: "xparse/define-command"
. 
. Defining command \Purierstab with sig. '>{\__tikzsymbols_scale_if_empty:nTn
. {Purierstab}{1}}O{1}' on line 673.
.................................................
.................................................
. LaTeX info: "xparse/define-command"
. 
. Defining command \Dreizack with sig. '>{\__tikzsymbols_scale_if_empty:nTn
. {Dreizack}{1}}O{1}' on line 698.
.................................................
.................................................
. LaTeX info: "xparse/define-command"
. 
. Defining command \Backblech with sig. '>{\__tikzsymbols_scale_if_empty:nTn
. {Backblech}{1}}O{1}' on line 725.
.................................................
.................................................
. LaTeX info: "xparse/define-command"
. 
. Defining command \Ofen with sig. '>{\__tikzsymbols_scale_if_empty:nTn
. {Ofen}{1}}O{1}' on line 751.
.................................................
.................................................
. LaTeX info: "xparse/define-command"
. 
. Defining command \Pfanne with sig. '>{\__tikzsymbols_scale_if_empty:nTn
. {Pfanne}{1}}O{1}' on line 785.
.................................................
.................................................
. LaTeX info: "xparse/define-command"
. 
. Defining command \Herd with sig. '>{\__tikzsymbols_scale_if_empty:nTn
. {Herd}{1}}O{1}' on line 811.
.................................................
.................................................
. LaTeX info: "xparse/define-command"
. 
. Defining command \Saftpresse with sig. '>{\__tikzsymbols_scale_if_empty:nTn
. {Saftpresse}{1}}O{1}' on line 846.
.................................................
.................................................
. LaTeX info: "xparse/define-command"
. 
. Defining command \Schussel with sig. '>{\__tikzsymbols_scale_if_empty:nTn
. {Schussel}{1}}O{1}' on line 870.
.................................................
.................................................
. LaTeX info: "xparse/define-command"
. 
. Defining command \Schaler with sig. '>{\__tikzsymbols_scale_if_empty:nTn
. {Schaler}{1}}O{1}' on line 895.
.................................................
.................................................
. LaTeX info: "xparse/define-command"
. 
. Defining command \Reibe with sig. '>{\__tikzsymbols_scale_if_empty:nTn
. {Reibe}{1}}O{1}' on line 920.
.................................................
.................................................
. LaTeX info: "xparse/define-command"
. 
. Defining command \Flasche with sig. '>{\__tikzsymbols_scale_if_empty:nTn
. {Flasche}{1}}O{1}' on line 944.
.................................................
.................................................
. LaTeX info: "xparse/define-command"
. 
. Defining command \Nudelholz with sig. '>{\__tikzsymbols_scale_if_empty:nTn
. {Nudelholz}{1}}O{1}' on line 974.
.................................................
.................................................
. LaTeX info: "xparse/define-command"
. 
. Defining command \Sadey with sig. '>{\__tikzsymbols_scale_if_empty:nTn
. {Sadey}{1}}O{1}>{\__tikzsymbols_if_empty:Tn {none}}O{none}' on line 996.
.................................................
.................................................
. LaTeX info: "xparse/define-command"
. 
. Defining command \dSadey with sig. '>{\__tikzsymbols_scale_if_empty:nTn
. {dSadey}{1}}O{1}>{\__tikzsymbols_if_empty:Tn {yellow}}O{yellow}' on line
. 1018.
.................................................
.................................................
. LaTeX info: "xparse/define-command"
. 
. Defining command \Changey with sig. '>{\__tikzsymbols_scale_if_empty:nTn
. {Changey}{1}}O{1}>{\__tikzsymbols_if_empty:Tn {white}}O{white}m' on line
. 1048.
.................................................
.................................................
. LaTeX info: "xparse/define-command"
. 
. Defining command \dChangey with sig. '>{\__tikzsymbols_scale_if_empty:nTn
. {dChangey}{1}}O{1}>{\__tikzsymbols_if_empty:Tn {yellow}}O{yellow}m' on line
. 1078.
.................................................
.................................................
. LaTeX info: "xparse/define-command"
. 
. Defining command \cChangey with sig. '>{\__tikzsymbols_scale_if_empty:nTn
. {cChangey}{1}}O{1}>{\__tikzsymbols_if_empty:Tn
. {red}}O{red}>{\__tikzsymbols_if_empty:Tn
. {yellow}}O{yellow}>{\__tikzsymbols_if_empty:Tn {green}}O{green}m' on line
. 1132.
.................................................
.................................................
. LaTeX info: "xparse/define-command"
. 
. Defining command \dcChangey with sig. '>{\__tikzsymbols_scale_if_empty:nTn
. {dcChangey}{1}}O{1}>{\__tikzsymbols_if_empty:Tn
. {red}}O{red}>{\__tikzsymbols_if_empty:Tn
. {yellow}}O{yellow}>{\__tikzsymbols_if_empty:Tn {green}}O{green}m' on line
. 1186.
.................................................
.................................................
. LaTeX info: "xparse/define-command"
. 
. Defining command \Annoey with sig. '>{\__tikzsymbols_scale_if_empty:nTn
. {Annoey}{1}}O{1}>{\__tikzsymbols_if_empty:Tn {none}}O{none}' on line 1208.
.................................................
.................................................
. LaTeX info: "xparse/define-command"
. 
. Defining command \dAnnoey with sig. '>{\__tikzsymbols_scale_if_empty:nTn
. {dAnnoey}{1}}O{1}>{\__tikzsymbols_if_empty:Tn {yellow}}O{yellow}' on line
. 1230.
.................................................
.................................................
. LaTeX info: "xparse/define-command"
. 
. Defining command \Smiley with sig. '>{\__tikzsymbols_scale_if_empty:nTn
. {Smiley}{1}}O{1}>{\__tikzsymbols_if_empty:Tn {none}}O{none}' on line 1255.
.................................................
.................................................
. LaTeX info: "xparse/define-command"
. 
. Defining command \dSmiley with sig. '>{\__tikzsymbols_scale_if_empty:nTn
. {dSmiley}{1}}O{1}>{\__tikzsymbols_if_empty:Tn {yellow}}O{yellow}' on line
. 1277.
.................................................
.................................................
. LaTeX info: "xparse/define-command"
. 
. Defining command \Laughey with sig. '>{\__tikzsymbols_scale_if_empty:nTn
. {Laughey}{1}}O{1}>{\__tikzsymbols_if_empty:Tn
. {none}}O{none}>{\__tikzsymbols_if_empty:Tn {none}}O{none}' on line 1301.
.................................................
.................................................
. LaTeX info: "xparse/define-command"
. 
. Defining command \dLaughey with sig. '>{\__tikzsymbols_scale_if_empty:nTn
. {dLaughey}{1}}O{1}>{\__tikzsymbols_if_empty:Tn
. {yellow}}O{yellow}>{\__tikzsymbols_if_empty:Tn {red}}O{red}' on line 1329.
.................................................
.................................................
. LaTeX info: "xparse/define-command"
. 
. Defining command \Neutrey with sig. '>{\__tikzsymbols_scale_if_empty:nTn
. {Neutrey}{1}}O{1}>{\__tikzsymbols_if_empty:Tn {none}}O{none}' on line 1351.
.................................................
.................................................
. LaTeX info: "xparse/define-command"
. 
. Defining command \dNeutrey with sig. '>{\__tikzsymbols_scale_if_empty:nTn
. {dNeutrey}{1}}O{1}>{\__tikzsymbols_if_empty:Tn {yellow}}O{yellow}' on line
. 1373.
.................................................
.................................................
. LaTeX info: "xparse/define-command"
. 
. Defining command \Winkey with sig. '>{\__tikzsymbols_scale_if_empty:nTn
. {Winkey}{1}}O{1}>{\__tikzsymbols_if_empty:Tn {none}}O{none}' on line 1395.
.................................................
.................................................
. LaTeX info: "xparse/define-command"
. 
. Defining command \oldWinkey with sig. '>{\__tikzsymbols_scale_if_empty:nTn
. {oldWinkey}{1}}O{1}>{\__tikzsymbols_if_empty:Tn {none}}O{none}' on line
. 1417.
.................................................
.................................................
. LaTeX info: "xparse/define-command"
. 
. Defining command \dWinkey with sig. '>{\__tikzsymbols_scale_if_empty:nTn
. {dWinkey}{1}}O{1}>{\__tikzsymbols_if_empty:Tn {yellow}}O{yellow}' on line
. 1439.
.................................................
.................................................
. LaTeX info: "xparse/define-command"
. 
. Defining command \olddWinkey with sig. '>{\__tikzsymbols_scale_if_empty:nTn
. {olddWinkey}{1}}O{1}>{\__tikzsymbols_if_empty:Tn {yellow}}O{yellow}' on line
. 1461.
.................................................
.................................................
. LaTeX info: "xparse/define-command"
. 
. Defining command \Sey with sig. '>{\__tikzsymbols_scale_if_empty:nTn
. {Sey}{1}}O{1}>{\__tikzsymbols_if_empty:Tn {none}}O{none}' on line 1483.
.................................................
.................................................
. LaTeX info: "xparse/define-command"
. 
. Defining command \dSey with sig. '>{\__tikzsymbols_scale_if_empty:nTn
. {dSey}{1}}O{1}>{\__tikzsymbols_if_empty:Tn {yellow}}O{yellow}' on line 1505.
.................................................
.................................................
. LaTeX info: "xparse/define-command"
. 
. Defining command \Xey with sig. '>{\__tikzsymbols_scale_if_empty:nTn
. {Xey}{1}}O{1}>{\__tikzsymbols_if_empty:Tn {none}}O{none}' on line 1527.
.................................................
.................................................
. LaTeX info: "xparse/define-command"
. 
. Defining command \dXey with sig. '>{\__tikzsymbols_scale_if_empty:nTn
. {dXey}{1}}O{1}>{\__tikzsymbols_if_empty:Tn {yellow}}O{yellow}' on line 1551.
.................................................
.................................................
. LaTeX info: "xparse/define-command"
. 
. Defining command \Innocey with sig. '>{\__tikzsymbols_scale_if_empty:nTn
. {Innocey}{1}}O{1}>{\__tikzsymbols_if_empty:Tn
. {none}}O{none}>{\__tikzsymbols_if_empty:Tn {yellow}}O{yellow}' on line 1584.
.................................................
.................................................
. LaTeX info: "xparse/define-command"
. 
. Defining command \wInnocey with sig. '>{\__tikzsymbols_scale_if_empty:nTn
. {wInnocey}{1}}O{1}' on line 1591.
.................................................
.................................................
. LaTeX info: "xparse/define-command"
. 
. Defining command \dInnocey with sig. '>{\__tikzsymbols_scale_if_empty:nTn
. {dInnocey}{1}}O{1}>{\__tikzsymbols_if_empty:Tn
. {yellow}}O{yellow}>{\__tikzsymbols_if_empty:Tn {yellow}}O{yellow}' on line
. 1622.
.................................................
.................................................
. LaTeX info: "xparse/define-command"
. 
. Defining command \Cooley with sig. '>{\__tikzsymbols_scale_if_empty:nTn
. {Cooley}{1}}O{1}>{\__tikzsymbols_if_empty:Tn {none}}O{none}' on line 1648.
.................................................
.................................................
. LaTeX info: "xparse/define-command"
. 
. Defining command \dCooley with sig. '>{\__tikzsymbols_scale_if_empty:nTn
. {dCooley}{1}}O{1}>{\__tikzsymbols_if_empty:Tn {yellow}}O{yellow}' on line
. 1674.
.................................................
.................................................
. LaTeX info: "xparse/define-command"
. 
. Defining command \Tongey with sig. '>{\__tikzsymbols_scale_if_empty:nTn
. {Tongey}{1}}O{1}>{\__tikzsymbols_if_empty:Tn
. {none}}O{none}>{\__tikzsymbols_if_empty:Tn {none}}O{none}' on line 1703.
.................................................
.................................................
. LaTeX info: "xparse/define-command"
. 
. Defining command \dTongey with sig. '>{\__tikzsymbols_scale_if_empty:nTn
. {dTongey}{1}}O{1}>{\__tikzsymbols_if_empty:Tn
. {yellow}}O{yellow}>{\__tikzsymbols_if_empty:Tn {red}}O{red}' on line 1732.
.................................................
.................................................
. LaTeX info: "xparse/define-command"
. 
. Defining command \Nursey with sig. '>{\__tikzsymbols_scale_if_empty:nTn
. {Nursey}{1}}O{1}>{\__tikzsymbols_if_empty:Tn
. {none}}O{none}>{\__tikzsymbols_if_empty:Tn
. {none}}O{none}>{\__tikzsymbols_if_empty:Tn {}}O{}' on line 1763.
.................................................
.................................................
. LaTeX info: "xparse/define-command"
. 
. Defining command \dNursey with sig. '>{\__tikzsymbols_scale_if_empty:nTn
. {dNursey}{1}}O{1}>{\__tikzsymbols_if_empty:Tn
. {yellow}}O{yellow}>{\__tikzsymbols_if_empty:Tn
. {white}}O{white}>{\__tikzsymbols_if_empty:Tn {red}}O{red}' on line 1799.
.................................................
.................................................
. LaTeX info: "xparse/define-command"
. 
. Defining command \Vomey with sig. '>{\__tikzsymbols_scale_if_empty:nTn
. {Vomey}{1}}O{1}>{\__tikzsymbols_if_empty:Tn
. {none}}O{none}>{\__tikzsymbols_if_empty:Tn {opacity=0}}O{opacity=0}' on line
. 1836.
.................................................
.................................................
. LaTeX info: "xparse/define-command"
. 
. Defining command \dVomey with sig. '>{\__tikzsymbols_scale_if_empty:nTn
. {dVomey}{1}}O{1}>{\__tikzsymbols_if_empty:Tn
. {yellow}}O{yellow}>{\__tikzsymbols_if_empty:Tn
. {brown!10!olive}}O{brown!10!olive}' on line 1875.
.................................................
.................................................
. LaTeX info: "xparse/define-command"
. 
. Defining command \Walley with sig. '>{\__tikzsymbols_scale_if_empty:nTn
. {Walley}{1}}O{1}>{\__tikzsymbols_if_empty:Tn
. {none}}O{none}>{\__tikzsymbols_if_empty:Tn {none}}O{none}' on line 1916.
.................................................
.................................................
. LaTeX info: "xparse/define-command"
. 
. Defining command \rWalley with sig. '>{\__tikzsymbols_scale_if_empty:nTn
. {rWalley}{1}}O{1}>{\__tikzsymbols_if_empty:Tn
. {none}}O{none}>{\__tikzsymbols_if_empty:Tn {none}}O{none}' on line 1949.
.................................................
.................................................
. LaTeX info: "xparse/define-command"
. 
. Defining command \dWalley with sig. '>{\__tikzsymbols_scale_if_empty:nTn
. {dWalley}{1}}O{1}>{\__tikzsymbols_if_empty:Tn {yellow}}O{yellow}' on line
. 1986.
.................................................
.................................................
. LaTeX info: "xparse/define-command"
. 
. Defining command \drWalley with sig. '>{\__tikzsymbols_scale_if_empty:nTn
. {drWalley}{1}}O{1}>{\__tikzsymbols_if_empty:Tn {yellow}}O{yellow}' on line
. 2019.
.................................................
.................................................
. LaTeX info: "xparse/define-command"
. 
. Defining command \Cat with sig. '>{\__tikzsymbols_scale_if_empty:nTn
. {Cat}{1}}O{1}' on line 2125.
.................................................
.................................................
. LaTeX info: "xparse/define-command"
. 
. Defining command \SchrodingersCat with sig.
. '>{\__tikzsymbols_scale_if_empty:nTn {SchrodingersCat}{1}}O{1}m' on line
. 2152.
.................................................
.................................................
. LaTeX info: "xparse/define-command"
. 
. Defining command \Ninja with sig. '>{\__tikzsymbols_scale_if_empty:nTn
. {Ninja}{1}}O{1}>{\__tikzsymbols_if_empty:Tn
. {black}}O{black}>{\__tikzsymbols_if_empty:Tn
. {red}}O{red}>{\__tikzsymbols_if_empty:Tn {white}}O{white}' on line 2207.
.................................................
.................................................
. LaTeX info: "xparse/define-command"
. 
. Defining command \dNinja with sig. '>{\__tikzsymbols_scale_if_empty:nTn
. {dNinja}{1}}O{1}>{\__tikzsymbols_if_empty:Tn
. {black}}O{black}>{\__tikzsymbols_if_empty:Tn
. {red}}O{red}>{\__tikzsymbols_if_empty:Tn {white}}O{white}' on line 2259.
.................................................
.................................................
. LaTeX info: "xparse/define-command"
. 
. Defining command \Sleepey with sig. '>{\__tikzsymbols_scale_if_empty:nTn
. {Sleepey}{1}}O{1}>{\__tikzsymbols_if_empty:Tn
. {none}}O{none}>{\__tikzsymbols_if_empty:Tn
. {none}}O{none}>{\__tikzsymbols_if_empty:Tn {black}}O{black}' on line 2308.
.................................................
.................................................
. LaTeX info: "xparse/define-command"
. 
. Defining command \dSleepey with sig. '>{\__tikzsymbols_scale_if_empty:nTn
. {dSleepey}{1}}O{1}>{\__tikzsymbols_if_empty:Tn
. {yellow}}O{yellow}>{\__tikzsymbols_if_empty:Tn
. {blue}}O{blue}>{\__tikzsymbols_if_empty:Tn {black}}O{black}' on line 2357.
.................................................
.................................................
. LaTeX info: "xparse/define-command"
. 
. Defining command \NiceReapey with sig. '>{\__tikzsymbols_scale_if_empty:nTn
. {NiceReapey}{1}}O{1}>{\__tikzsymbols_if_empty:Tn
. {black!20!white}}O{black!20!white}' on line 2391.
.................................................
.................................................
. LaTeX info: "xparse/define-command"
. 
. Defining command \Strichmaxerl with sig.
. '>{\__tikzsymbols_scale_if_empty:nTn
. {Strichmaxerl}{1}}O{1}>{\__tikzsymbols_if_empty:Tn
. {-22}}O{-22}>{\__tikzsymbols_if_empty:Tn
. {22}}O{22}>{\__tikzsymbols_if_empty:Tn
. {27}}O{27}>{\__tikzsymbols_if_empty:Tn {-27}}O{-27}' on line 2487.
.................................................
.................................................
. LaTeX info: "xparse/define-command"
. 
. Defining command \Person with sig. '>{\__tikzsymbols_scale_if_empty:nTn
. {Person}{1}}O{1}>{\__tikzsymbols_if_empty:Tn
. {-22}}O{-22}>{\__tikzsymbols_if_empty:Tn
. {22}}O{22}>{\__tikzsymbols_if_empty:Tn
. {27}}O{27}>{\__tikzsymbols_if_empty:Tn {-27}}O{-27}' on line 2496.
.................................................
.................................................
. LaTeX info: "xparse/define-command"
. 
. Defining command \Candle with sig. '>{\__tikzsymbols_scale_if_empty:nTn
. {Candle}{1}}O{1}' on line 2522.
.................................................
.................................................
. LaTeX info: "xparse/define-command"
. 
. Defining command \Fire with sig. '>{\__tikzsymbols_scale_if_empty:nTn
. {Fire}{1}}O{1}' on line 2567.
.................................................
.................................................
. LaTeX info: "xparse/define-command"
. 
. Defining command \Coffeecup with sig. '>{\__tikzsymbols_scale_if_empty:nTn
. {Coffeecup}{1}}O{1}' on line 2602.
.................................................
.................................................
. LaTeX info: "xparse/define-command"
. 
. Defining command \Chair with sig. '>{\__tikzsymbols_scale_if_empty:nTn
. {Chair}{1}}O{1}' on line 2631.
.................................................
.................................................
. LaTeX info: "xparse/define-command"
. 
. Defining command \Bed with sig. '>{\__tikzsymbols_scale_if_empty:nTn
. {Bed}{1}}O{1}' on line 2657.
.................................................
.................................................
. LaTeX info: "xparse/define-command"
. 
. Defining command \Tribar with sig. '>{\__tikzsymbols_scale_if_empty:nTn
. {Tribar}{1}}O{1}>{\__tikzsymbols_if_empty:Tn
. {opacity=0}}O{opacity=0}>{\__tikzsymbols_if_empty:Tn
. {opacity=0}}O{opacity=0}>{\__tikzsymbols_if_empty:Tn
. {opacity=0}}O{opacity=0}' on line 2692.
.................................................
.................................................
. LaTeX info: "xparse/define-command"
. 
. Defining command \Moai with sig. '>{\__tikzsymbols_scale_if_empty:nTn
. {Moai}{1}}O{1}' on line 2742.
.................................................
.................................................
. LaTeX info: "xparse/define-command"
. 
. Defining command \Snowman with sig. '>{\__tikzsymbols_scale_if_empty:nTn
. {Snowman}{1}}O{1}' on line 2794.
.................................................
.................................................
. LaTeX info: "xparse/define-command"
. 
. Defining command \BasicTree with sig. '>{\__tikzsymbols_scale_if_empty:nTn
. {BasicTree}{1}}O{1}mmmm' on line 2815.
.................................................
.................................................
. LaTeX info: "xparse/define-command"
. 
. Defining command \WorstTree with sig. '>{\__tikzsymbols_scale_if_empty:nTn
. {WorstTree}{1}}O{1}' on line 2851.
.................................................
.................................................
. LaTeX info: "xparse/define-command"
. 
. Defining command \Springtree with sig. '>{\__tikzsymbols_scale_if_empty:nTn
. {Springtree}{1}}O{1}' on line 2860.
.................................................
.................................................
. LaTeX info: "xparse/define-command"
. 
. Defining command \Summertree with sig. '>{\__tikzsymbols_scale_if_empty:nTn
. {Summertree}{1}}O{1}' on line 2869.
.................................................
.................................................
. LaTeX info: "xparse/define-command"
. 
. Defining command \Autumntree with sig. '>{\__tikzsymbols_scale_if_empty:nTn
. {Autumntree}{1}}O{1}' on line 2878.
.................................................
.................................................
. LaTeX info: "xparse/define-command"
. 
. Defining command \Wintertree with sig. '>{\__tikzsymbols_scale_if_empty:nTn
. {Wintertree}{1}}O{1}' on line 2887.
.................................................
.................................................
. LaTeX info: "xparse/define-command"
. 
. Defining command \tikzsymbolsuse with sig. 'm' on line 2908.
.................................................
.................................................
. LaTeX info: "xparse/define-command"
. 
. Defining command \tikzsymbolsset with sig. 'm' on line 2919.
.................................................
) Special comment 'sol' (./template.aux)
\openout1 = `template.aux'.

LaTeX Font Info:    Checking defaults for OML/cmm/m/it on input line 35.
LaTeX Font Info:    ... okay on input line 35.
LaTeX Font Info:    Checking defaults for T1/cmr/m/n on input line 35.
LaTeX Font Info:    ... okay on input line 35.
LaTeX Font Info:    Checking defaults for OT1/cmr/m/n on input line 35.
LaTeX Font Info:    ... okay on input line 35.
LaTeX Font Info:    Checking defaults for OMS/cmsy/m/n on input line 35.
LaTeX Font Info:    ... okay on input line 35.
LaTeX Font Info:    Checking defaults for OMX/cmex/m/n on input line 35.
LaTeX Font Info:    ... okay on input line 35.
LaTeX Font Info:    Checking defaults for U/cmr/m/n on input line 35.
LaTeX Font Info:    ... okay on input line 35.
LaTeX Font Info:    Try loading font information for U+msa on input line 35.

(/usr/share/texlive/texmf-dist/tex/latex/amsfonts/umsa.fd
File: umsa.fd 2013/01/14 v3.01 AMS symbols A
)
LaTeX Font Info:    Try loading font information for U+msb on input line 35.

(/usr/share/texlive/texmf-dist/tex/latex/amsfonts/umsb.fd
File: umsb.fd 2013/01/14 v3.01 AMS symbols B
)
*geometry* driver: auto-detecting
*geometry* detected driver: pdftex
*geometry* verbose mode - [ preamble ] result:
* driver: pdftex
* paper: letterpaper
* layout: <same size as paper>
* layoutoffset:(h,v)=(0.0pt,0.0pt)
* modes: twoside 
* h-part:(L,W,R)=(56.9055pt, 500.484pt, 56.9055pt)
* v-part:(T,H,B)=(56.9055pt, 681.15898pt, 56.9055pt)
* \paperwidth=614.295pt
* \paperheight=794.96999pt
* \textwidth=500.484pt
* \textheight=681.15898pt
* \oddsidemargin=-15.36449pt
* \evensidemargin=-15.36449pt
* \topmargin=-15.36449pt
* \headheight=0.0pt
* \headsep=0.0pt
* \topskip=10.0pt
* \footskip=56.9055pt
* \marginparwidth=90.0pt
* \marginparsep=11.0pt
* \columnsep=10.0pt
* \skip\footins=7.0pt plus 11.0pt
* \hoffset=0.0pt
* \voffset=0.0pt
* \mag=1000
* \@twocolumnfalse
* \@twosidetrue
* \@mparswitchtrue
* \@reversemarginfalse
* (1in=72.27pt=25.4mm, 1cm=28.453pt)

(/usr/share/texlive/texmf-dist/tex/context/base/mkii/supp-pdf.mkii
[Loading MPS to PDF converter (version 2006.09.02).]
\scratchcounter=\count293
\scratchdimen=\dimen279
\scratchbox=\box86
\nofMPsegments=\count294
\nofMParguments=\count295
\everyMPshowfont=\toks44
\MPscratchCnt=\count296
\MPscratchDim=\dimen280
\MPnumerator=\count297
\makeMPintoPDFobject=\count298
\everyMPtoPDFconversion=\toks45
) ABD: EveryShipout initializing macros
Underfull \hbox (badness 10000) in paragraph at lines 52--53

 []


Underfull \hbox (badness 10000) in paragraph at lines 54--55

 []

<triangles.png, id=4, 281.92828pt x 153.95015pt>
File: triangles.png Graphic file (type png)
<use triangles.png>
Package pdftex.def Info: triangles.png  used on input line 56.
(pdftex.def)             Requested size: 125.12099pt x 68.3232pt.

Underfull \hbox (badness 10000) in paragraph at lines 56--57

 []


Underfull \hbox (badness 10000) in paragraph at lines 58--59

 []

Processing 'sol' comment.
\openout3 = `comment.cut'.

 Comment 'sol' writing to comment.cut.
Straight input of comment.cut. (./comment.cut)
Underfull \hbox (badness 10000) in paragraph at lines 60--70

 []

Processing 'sol' comment.
\openout3 = `comment.cut'.

 Comment 'sol' writing to comment.cut.
Straight input of comment.cut. (./comment.cut [1{/var/lib/texmf/fonts/map/pdfte
x/updmap/pdftex.map} <./triangles.png>]) Processing 'sol' comment.
\openout3 = `comment.cut'.


Comment 'sol' writing to comment.cut. Straight input of comment.cut.
(./comment.cut) Processing 'sol' comment.
\openout3 = `comment.cut'.


Comment 'sol' writing to comment.cut. Straight input of comment.cut.
(./comment.cut
Overfull \vbox (5.15556pt too high) has occurred while \output is active []


[2])
\g__tikzsymbols_savebox_F_0 g 0 G_17.28_Winkey_1_none_box=\box87
\g__tikzsymbols_savebox_F_0 g 0 G_17.28_Innocey_1_none_yellow_box=\box88
\g__tikzsymbols_savebox_F_0 g 0 G_17.28_Cat_1_box=\box89
\g__tikzsymbols_savebox_F_0 g 0 G_17.28_Coffeecup_1_box=\box90
\g__tikzsymbols_savebox_F_0 g 0 G_10.95_Cat_1_box=\box91
\g__tikzsymbols_savebox_F_0 g 0 G_10.95_Coffeecup_1_box=\box92
\g__tikzsymbols_savebox_F_0 g 0 G_10.95_Winkey_1_none_box=\box93
\g__tikzsymbols_savebox_F_0 g 0 G_10.95_Innocey_1_none_yellow_box=\box94
 Processing 'sol' comment.
\openout3 = `comment.cut'.

 Comment 'sol' writing to comment.cut.
Straight input of comment.cut. (./comment.cut
Overfull \vbox (5.15556pt too high) has occurred while \output is active []


[3]) Processing 'sol' comment.
\openout3 = `comment.cut'.

 Comment 'sol' writing to comment.cut.
Straight input of comment.cut. (./comment.cut)
Overfull \vbox (5.15556pt too high) has occurred while \output is active []


[4] (./template.aux) ) 
Here is how much of TeX's memory you used:
 23457 strings out of 494923
 477386 string characters out of 6180742
 538642 words of memory out of 5000000
 26268 multiletter control sequences out of 15000+600000
 538684 words of font info for 54 fonts, out of 8000000 for 9000
 175 hyphenation exceptions out of 8191
 62i,6n,71p,10410b,745s stack positions out of 5000i,500n,10000p,200000b,80000s
</usr/share/texlive/texmf-dist/fonts/type1/public/amsfont
s/cm/cmbx10.pfb></usr/share/texlive/texmf-dist/fonts/type1/public/amsfonts/cm/c
mbx8.pfb></usr/share/texlive/texmf-dist/fonts/type1/public/amsfonts/cm/cmex10.p
fb></usr/share/texlive/texmf-dist/fonts/type1/public/amsfonts/cm/cmmi10.pfb></u
sr/share/texlive/texmf-dist/fonts/type1/public/amsfonts/cm/cmmi8.pfb></usr/shar
e/texlive/texmf-dist/fonts/type1/public/amsfonts/cm/cmr10.pfb></usr/share/texli
ve/texmf-dist/fonts/type1/public/amsfonts/cm/cmr6.pfb></usr/share/texlive/texmf
-dist/fonts/type1/public/amsfonts/cm/cmr8.pfb></usr/share/texlive/texmf-dist/fo
nts/type1/public/amsfonts/cm/cmsy10.pfb></usr/share/texlive/texmf-dist/fonts/ty
pe1/public/amsfonts/cm/cmsy8.pfb></usr/share/texlive/texmf-dist/fonts/type1/pub
lic/amsfonts/cm/cmti10.pfb></usr/share/texlive/texmf-dist/fonts/type1/public/am
sfonts/symbols/msam10.pfb></usr/share/texlive/texmf-dist/fonts/type1/public/ams
fonts/symbols/msbm10.pfb>
Output written on template.pdf (4 pages, 182789 bytes).
PDF statistics:
 75 PDF objects out of 1000 (max. 8388607)
 53 compressed objects within 1 object stream
 0 named destinations out of 1000 (max. 500000)
 18 words of extra memory for PDF output out of 10000 (max. 10000000)

